<?xml version="1.0" encoding="UTF-8"?>
<testng-results ignored="0" total="1" passed="1" failed="0" skipped="0">
  <reporter-output>
  </reporter-output>
  <suite started-at="2024-02-29T11:37:11 IST" name="Default suite" finished-at="2024-02-29T11:37:17 IST" duration-ms="6543">
    <groups>
    </groups>
    <test started-at="2024-02-29T11:37:11 IST" name="Default test" finished-at="2024-02-29T11:37:17 IST" duration-ms="6543">
      <class name="TestNG.Axis.invokechrome">
        <test-method signature="chrome()[pri:0, instance:TestNG.Axis.invokechrome@4cc451f2]" started-at="2024-02-29T11:37:11 IST" name="chrome" finished-at="2024-02-29T11:37:17 IST" duration-ms="6472" status="PASS">
          <reporter-output>
          </reporter-output>
        </test-method> <!-- chrome -->
      </class> <!-- TestNG.Axis.invokechrome -->
    </test> <!-- Default test -->
  </suite> <!-- Default suite -->
</testng-results>
